TLC2 Version 2.19 of 08 August 2024 (rev: 5a47802)
Warning: Please run the Java VM which executes TLC with a throughput optimized garbage collector by passing the "-XX:+UseParallelGC" property.
(Use the -nowarning option to disable this warning.)
Running breadth-first search Model-Checking with fp 66 and seed -2384287199504642942 with 1 worker on 128 cores with 30688MB heap and 64MB offheap memory [pid: 147208] (Linux 6.18.33.2-microsoft-standard-WSL2 amd64, Ubuntu 11.0.31 x86_64, MSBDiskFPSet, DiskStateQueue).
Parsing file /home/tony/projects/tessera/formal/tla/P5c_IssuanceProtocol.tla
Parsing file /tmp/Integers.tla
Parsing file /tmp/Naturals.tla
Semantic processing of module Naturals
Semantic processing of module Integers
Semantic processing of module P5c_IssuanceProtocol
Starting... (2026-07-21 06:10:25)
Computing initial states...
Finished computing initial states: 1 distinct state generated at 2026-07-21 06:10:25.
Error: Invariant ShipUnreachable is violated.
Error: The behavior up to this point is:
State 1: <Initial predicate>
/\ now = 0
/\ depth = 0
/\ reorgs = 0
/\ declared = 0
/\ refused = FALSE
/\ anchorAt = -1
/\ shippedOrphaned = FALSE
/\ attempts = 1
/\ shipped = FALSE

State 2: <Anchor line 156, col 3 to line 159, col 26 of module P5c_IssuanceProtocol>
/\ now = 0
/\ depth = 0
/\ reorgs = 0
/\ declared = 0
/\ refused = FALSE
/\ anchorAt = 0
/\ shippedOrphaned = FALSE
/\ attempts = 1
/\ shipped = FALSE

State 3: <Tick line 137, col 3 to line 142, col 81 of module P5c_IssuanceProtocol>
/\ now = 1
/\ depth = 1
/\ reorgs = 0
/\ declared = 0
/\ refused = FALSE
/\ anchorAt = 0
/\ shippedOrphaned = FALSE
/\ attempts = 1
/\ shipped = FALSE

State 4: <Tick line 137, col 3 to line 142, col 81 of module P5c_IssuanceProtocol>
/\ now = 2
/\ depth = 2
/\ reorgs = 0
/\ declared = 0
/\ refused = FALSE
/\ anchorAt = 0
/\ shippedOrphaned = FALSE
/\ attempts = 1
/\ shipped = FALSE

State 5: <Ship line 191, col 3 to line 196, col 34 of module P5c_IssuanceProtocol>
/\ now = 2
/\ depth = 2
/\ reorgs = 0
/\ declared = 0
/\ refused = FALSE
/\ anchorAt = 0
/\ shippedOrphaned = FALSE
/\ attempts = 1
/\ shipped = TRUE

Error: Invariant ReorgShipUnreachable is violated.
Error: The behavior up to this point is:
State 1: <Initial predicate>
/\ now = 0
/\ depth = 0
/\ reorgs = 0
/\ declared = 0
/\ refused = FALSE
/\ anchorAt = -1
/\ shippedOrphaned = FALSE
/\ attempts = 1
/\ shipped = FALSE

State 2: <Anchor line 156, col 3 to line 159, col 26 of module P5c_IssuanceProtocol>
/\ now = 0
/\ depth = 0
/\ reorgs = 0
/\ declared = 0
/\ refused = FALSE
/\ anchorAt = 0
/\ shippedOrphaned = FALSE
/\ attempts = 1
/\ shipped = FALSE

State 3: <Reorg line 167, col 3 to line 171, col 60 of module P5c_IssuanceProtocol>
/\ now = 0
/\ depth = 0
/\ reorgs = 1
/\ declared = 0
/\ refused = FALSE
/\ anchorAt = -1
/\ shippedOrphaned = FALSE
/\ attempts = 1
/\ shipped = FALSE

State 4: <Anchor line 156, col 3 to line 159, col 26 of module P5c_IssuanceProtocol>
/\ now = 0
/\ depth = 0
/\ reorgs = 1
/\ declared = 0
/\ refused = FALSE
/\ anchorAt = 0
/\ shippedOrphaned = FALSE
/\ attempts = 1
/\ shipped = FALSE

State 5: <Tick line 137, col 3 to line 142, col 81 of module P5c_IssuanceProtocol>
/\ now = 1
/\ depth = 1
/\ reorgs = 1
/\ declared = 0
/\ refused = FALSE
/\ anchorAt = 0
/\ shippedOrphaned = FALSE
/\ attempts = 1
/\ shipped = FALSE

State 6: <Tick line 137, col 3 to line 142, col 81 of module P5c_IssuanceProtocol>
/\ now = 2
/\ depth = 2
/\ reorgs = 1
/\ declared = 0
/\ refused = FALSE
/\ anchorAt = 0
/\ shippedOrphaned = FALSE
/\ attempts = 1
/\ shipped = FALSE

State 7: <Ship line 191, col 3 to line 196, col 34 of module P5c_IssuanceProtocol>
/\ now = 2
/\ depth = 2
/\ reorgs = 1
/\ declared = 0
/\ refused = FALSE
/\ anchorAt = 0
/\ shippedOrphaned = FALSE
/\ attempts = 1
/\ shipped = TRUE

Error: Invariant ReissueShipUnreachable is violated.
Error: The behavior up to this point is:
State 1: <Initial predicate>
/\ now = 0
/\ depth = 0
/\ reorgs = 0
/\ declared = 0
/\ refused = FALSE
/\ anchorAt = -1
/\ shippedOrphaned = FALSE
/\ attempts = 1
/\ shipped = FALSE

State 2: <Tick line 137, col 3 to line 142, col 81 of module P5c_IssuanceProtocol>
/\ now = 1
/\ depth = 0
/\ reorgs = 0
/\ declared = 0
/\ refused = FALSE
/\ anchorAt = -1
/\ shippedOrphaned = FALSE
/\ attempts = 1
/\ shipped = FALSE

State 3: <Tick line 137, col 3 to line 142, col 81 of module P5c_IssuanceProtocol>
/\ now = 2
/\ depth = 0
/\ reorgs = 0
/\ declared = 0
/\ refused = FALSE
/\ anchorAt = -1
/\ shippedOrphaned = FALSE
/\ attempts = 1
/\ shipped = FALSE

State 4: <Tick line 137, col 3 to line 142, col 81 of module P5c_IssuanceProtocol>
/\ now = 3
/\ depth = 0
/\ reorgs = 0
/\ declared = 0
/\ refused = FALSE
/\ anchorAt = -1
/\ shippedOrphaned = FALSE
/\ attempts = 1
/\ shipped = FALSE

State 5: <Tick line 137, col 3 to line 142, col 81 of module P5c_IssuanceProtocol>
/\ now = 4
/\ depth = 0
/\ reorgs = 0
/\ declared = 0
/\ refused = FALSE
/\ anchorAt = -1
/\ shippedOrphaned = FALSE
/\ attempts = 1
/\ shipped = FALSE

State 6: <Reissue line 201, col 3 to line 205, col 65 of module P5c_IssuanceProtocol>
/\ now = 4
/\ depth = 0
/\ reorgs = 0
/\ declared = 4
/\ refused = FALSE
/\ anchorAt = -1
/\ shippedOrphaned = FALSE
/\ attempts = 2
/\ shipped = FALSE

State 7: <Anchor line 156, col 3 to line 159, col 26 of module P5c_IssuanceProtocol>
/\ now = 4
/\ depth = 0
/\ reorgs = 0
/\ declared = 4
/\ refused = FALSE
/\ anchorAt = 4
/\ shippedOrphaned = FALSE
/\ attempts = 2
/\ shipped = FALSE

State 8: <Tick line 137, col 3 to line 142, col 81 of module P5c_IssuanceProtocol>
/\ now = 5
/\ depth = 1
/\ reorgs = 0
/\ declared = 4
/\ refused = FALSE
/\ anchorAt = 4
/\ shippedOrphaned = FALSE
/\ attempts = 2
/\ shipped = FALSE

State 9: <Tick line 137, col 3 to line 142, col 81 of module P5c_IssuanceProtocol>
/\ now = 6
/\ depth = 2
/\ reorgs = 0
/\ declared = 4
/\ refused = FALSE
/\ anchorAt = 4
/\ shippedOrphaned = FALSE
/\ attempts = 2
/\ shipped = FALSE

State 10: <Ship line 191, col 3 to line 196, col 34 of module P5c_IssuanceProtocol>
/\ now = 6
/\ depth = 2
/\ reorgs = 0
/\ declared = 4
/\ refused = FALSE
/\ anchorAt = 4
/\ shippedOrphaned = FALSE
/\ attempts = 2
/\ shipped = TRUE

Error: Invariant RefusalUnreachable is violated.
Error: The behavior up to this point is:
State 1: <Initial predicate>
/\ now = 0
/\ depth = 0
/\ reorgs = 0
/\ declared = 0
/\ refused = FALSE
/\ anchorAt = -1
/\ shippedOrphaned = FALSE
/\ attempts = 1
/\ shipped = FALSE

State 2: <Tick line 137, col 3 to line 142, col 81 of module P5c_IssuanceProtocol>
/\ now = 1
/\ depth = 0
/\ reorgs = 0
/\ declared = 0
/\ refused = FALSE
/\ anchorAt = -1
/\ shippedOrphaned = FALSE
/\ attempts = 1
/\ shipped = FALSE

State 3: <Tick line 137, col 3 to line 142, col 81 of module P5c_IssuanceProtocol>
/\ now = 2
/\ depth = 0
/\ reorgs = 0
/\ declared = 0
/\ refused = FALSE
/\ anchorAt = -1
/\ shippedOrphaned = FALSE
/\ attempts = 1
/\ shipped = FALSE

State 4: <Tick line 137, col 3 to line 142, col 81 of module P5c_IssuanceProtocol>
/\ now = 3
/\ depth = 0
/\ reorgs = 0
/\ declared = 0
/\ refused = FALSE
/\ anchorAt = -1
/\ shippedOrphaned = FALSE
/\ attempts = 1
/\ shipped = FALSE

State 5: <Tick line 137, col 3 to line 142, col 81 of module P5c_IssuanceProtocol>
/\ now = 4
/\ depth = 0
/\ reorgs = 0
/\ declared = 0
/\ refused = FALSE
/\ anchorAt = -1
/\ shippedOrphaned = FALSE
/\ attempts = 1
/\ shipped = FALSE

State 6: <Reissue line 201, col 3 to line 205, col 65 of module P5c_IssuanceProtocol>
/\ now = 4
/\ depth = 0
/\ reorgs = 0
/\ declared = 4
/\ refused = FALSE
/\ anchorAt = -1
/\ shippedOrphaned = FALSE
/\ attempts = 2
/\ shipped = FALSE

State 7: <Tick line 137, col 3 to line 142, col 81 of module P5c_IssuanceProtocol>
/\ now = 5
/\ depth = 0
/\ reorgs = 0
/\ declared = 4
/\ refused = FALSE
/\ anchorAt = -1
/\ shippedOrphaned = FALSE
/\ attempts = 2
/\ shipped = FALSE

State 8: <Tick line 137, col 3 to line 142, col 81 of module P5c_IssuanceProtocol>
/\ now = 6
/\ depth = 0
/\ reorgs = 0
/\ declared = 4
/\ refused = FALSE
/\ anchorAt = -1
/\ shippedOrphaned = FALSE
/\ attempts = 2
/\ shipped = FALSE

State 9: <Tick line 137, col 3 to line 142, col 81 of module P5c_IssuanceProtocol>
/\ now = 7
/\ depth = 0
/\ reorgs = 0
/\ declared = 4
/\ refused = FALSE
/\ anchorAt = -1
/\ shippedOrphaned = FALSE
/\ attempts = 2
/\ shipped = FALSE

State 10: <Tick line 137, col 3 to line 142, col 81 of module P5c_IssuanceProtocol>
/\ now = 8
/\ depth = 0
/\ reorgs = 0
/\ declared = 4
/\ refused = FALSE
/\ anchorAt = -1
/\ shippedOrphaned = FALSE
/\ attempts = 2
/\ shipped = FALSE

State 11: <Reissue line 201, col 3 to line 205, col 65 of module P5c_IssuanceProtocol>
/\ now = 8
/\ depth = 0
/\ reorgs = 0
/\ declared = 8
/\ refused = FALSE
/\ anchorAt = -1
/\ shippedOrphaned = FALSE
/\ attempts = 3
/\ shipped = FALSE

State 12: <Tick line 137, col 3 to line 142, col 81 of module P5c_IssuanceProtocol>
/\ now = 9
/\ depth = 0
/\ reorgs = 0
/\ declared = 8
/\ refused = FALSE
/\ anchorAt = -1
/\ shippedOrphaned = FALSE
/\ attempts = 3
/\ shipped = FALSE

State 13: <Tick line 137, col 3 to line 142, col 81 of module P5c_IssuanceProtocol>
/\ now = 10
/\ depth = 0
/\ reorgs = 0
/\ declared = 8
/\ refused = FALSE
/\ anchorAt = -1
/\ shippedOrphaned = FALSE
/\ attempts = 3
/\ shipped = FALSE

State 14: <Tick line 137, col 3 to line 142, col 81 of module P5c_IssuanceProtocol>
/\ now = 11
/\ depth = 0
/\ reorgs = 0
/\ declared = 8
/\ refused = FALSE
/\ anchorAt = -1
/\ shippedOrphaned = FALSE
/\ attempts = 3
/\ shipped = FALSE

State 15: <Tick line 137, col 3 to line 142, col 81 of module P5c_IssuanceProtocol>
/\ now = 12
/\ depth = 0
/\ reorgs = 0
/\ declared = 8
/\ refused = TRUE
/\ anchorAt = -1
/\ shippedOrphaned = FALSE
/\ attempts = 3
/\ shipped = FALSE

Error: Invariant RefusalWithLiveAnchorUnreachable is violated.
Error: The behavior up to this point is:
State 1: <Initial predicate>
/\ now = 0
/\ depth = 0
/\ reorgs = 0
/\ declared = 0
/\ refused = FALSE
/\ anchorAt = -1
/\ shippedOrphaned = FALSE
/\ attempts = 1
/\ shipped = FALSE

State 2: <Tick line 137, col 3 to line 142, col 81 of module P5c_IssuanceProtocol>
/\ now = 1
/\ depth = 0
/\ reorgs = 0
/\ declared = 0
/\ refused = FALSE
/\ anchorAt = -1
/\ shippedOrphaned = FALSE
/\ attempts = 1
/\ shipped = FALSE

State 3: <Tick line 137, col 3 to line 142, col 81 of module P5c_IssuanceProtocol>
/\ now = 2
/\ depth = 0
/\ reorgs = 0
/\ declared = 0
/\ refused = FALSE
/\ anchorAt = -1
/\ shippedOrphaned = FALSE
/\ attempts = 1
/\ shipped = FALSE

State 4: <Tick line 137, col 3 to line 142, col 81 of module P5c_IssuanceProtocol>
/\ now = 3
/\ depth = 0
/\ reorgs = 0
/\ declared = 0
/\ refused = FALSE
/\ anchorAt = -1
/\ shippedOrphaned = FALSE
/\ attempts = 1
/\ shipped = FALSE

State 5: <Tick line 137, col 3 to line 142, col 81 of module P5c_IssuanceProtocol>
/\ now = 4
/\ depth = 0
/\ reorgs = 0
/\ declared = 0
/\ refused = FALSE
/\ anchorAt = -1
/\ shippedOrphaned = FALSE
/\ attempts = 1
/\ shipped = FALSE

State 6: <Reissue line 201, col 3 to line 205, col 65 of module P5c_IssuanceProtocol>
/\ now = 4
/\ depth = 0
/\ reorgs = 0
/\ declared = 4
/\ refused = FALSE
/\ anchorAt = -1
/\ shippedOrphaned = FALSE
/\ attempts = 2
/\ shipped = FALSE

State 7: <Tick line 137, col 3 to line 142, col 81 of module P5c_IssuanceProtocol>
/\ now = 5
/\ depth = 0
/\ reorgs = 0
/\ declared = 4
/\ refused = FALSE
/\ anchorAt = -1
/\ shippedOrphaned = FALSE
/\ attempts = 2
/\ shipped = FALSE

State 8: <Tick line 137, col 3 to line 142, col 81 of module P5c_IssuanceProtocol>
/\ now = 6
/\ depth = 0
/\ reorgs = 0
/\ declared = 4
/\ refused = FALSE
/\ anchorAt = -1
/\ shippedOrphaned = FALSE
/\ attempts = 2
/\ shipped = FALSE

State 9: <Tick line 137, col 3 to line 142, col 81 of module P5c_IssuanceProtocol>
/\ now = 7
/\ depth = 0
/\ reorgs = 0
/\ declared = 4
/\ refused = FALSE
/\ anchorAt = -1
/\ shippedOrphaned = FALSE
/\ attempts = 2
/\ shipped = FALSE

State 10: <Tick line 137, col 3 to line 142, col 81 of module P5c_IssuanceProtocol>
/\ now = 8
/\ depth = 0
/\ reorgs = 0
/\ declared = 4
/\ refused = FALSE
/\ anchorAt = -1
/\ shippedOrphaned = FALSE
/\ attempts = 2
/\ shipped = FALSE

State 11: <Reissue line 201, col 3 to line 205, col 65 of module P5c_IssuanceProtocol>
/\ now = 8
/\ depth = 0
/\ reorgs = 0
/\ declared = 8
/\ refused = FALSE
/\ anchorAt = -1
/\ shippedOrphaned = FALSE
/\ attempts = 3
/\ shipped = FALSE

State 12: <Tick line 137, col 3 to line 142, col 81 of module P5c_IssuanceProtocol>
/\ now = 9
/\ depth = 0
/\ reorgs = 0
/\ declared = 8
/\ refused = FALSE
/\ anchorAt = -1
/\ shippedOrphaned = FALSE
/\ attempts = 3
/\ shipped = FALSE

State 13: <Tick line 137, col 3 to line 142, col 81 of module P5c_IssuanceProtocol>
/\ now = 10
/\ depth = 0
/\ reorgs = 0
/\ declared = 8
/\ refused = FALSE
/\ anchorAt = -1
/\ shippedOrphaned = FALSE
/\ attempts = 3
/\ shipped = FALSE

State 14: <Tick line 137, col 3 to line 142, col 81 of module P5c_IssuanceProtocol>
/\ now = 11
/\ depth = 0
/\ reorgs = 0
/\ declared = 8
/\ refused = FALSE
/\ anchorAt = -1
/\ shippedOrphaned = FALSE
/\ attempts = 3
/\ shipped = FALSE

State 15: <Tick line 137, col 3 to line 142, col 81 of module P5c_IssuanceProtocol>
/\ now = 12
/\ depth = 0
/\ reorgs = 0
/\ declared = 8
/\ refused = TRUE
/\ anchorAt = -1
/\ shippedOrphaned = FALSE
/\ attempts = 3
/\ shipped = FALSE

State 16: <Anchor line 156, col 3 to line 159, col 26 of module P5c_IssuanceProtocol>
/\ now = 12
/\ depth = 0
/\ reorgs = 0
/\ declared = 8
/\ refused = TRUE
/\ anchorAt = 12
/\ shippedOrphaned = FALSE
/\ attempts = 3
/\ shipped = FALSE

Error: Invariant RefusalBuriedAnchorUnreachable is violated.
Error: The behavior up to this point is:
State 1: <Initial predicate>
/\ now = 0
/\ depth = 0
/\ reorgs = 0
/\ declared = 0
/\ refused = FALSE
/\ anchorAt = -1
/\ shippedOrphaned = FALSE
/\ attempts = 1
/\ shipped = FALSE

State 2: <Tick line 137, col 3 to line 142, col 81 of module P5c_IssuanceProtocol>
/\ now = 1
/\ depth = 0
/\ reorgs = 0
/\ declared = 0
/\ refused = FALSE
/\ anchorAt = -1
/\ shippedOrphaned = FALSE
/\ attempts = 1
/\ shipped = FALSE

State 3: <Tick line 137, col 3 to line 142, col 81 of module P5c_IssuanceProtocol>
/\ now = 2
/\ depth = 0
/\ reorgs = 0
/\ declared = 0
/\ refused = FALSE
/\ anchorAt = -1
/\ shippedOrphaned = FALSE
/\ attempts = 1
/\ shipped = FALSE

State 4: <Tick line 137, col 3 to line 142, col 81 of module P5c_IssuanceProtocol>
/\ now = 3
/\ depth = 0
/\ reorgs = 0
/\ declared = 0
/\ refused = FALSE
/\ anchorAt = -1
/\ shippedOrphaned = FALSE
/\ attempts = 1
/\ shipped = FALSE

State 5: <Tick line 137, col 3 to line 142, col 81 of module P5c_IssuanceProtocol>
/\ now = 4
/\ depth = 0
/\ reorgs = 0
/\ declared = 0
/\ refused = FALSE
/\ anchorAt = -1
/\ shippedOrphaned = FALSE
/\ attempts = 1
/\ shipped = FALSE

State 6: <Reissue line 201, col 3 to line 205, col 65 of module P5c_IssuanceProtocol>
/\ now = 4
/\ depth = 0
/\ reorgs = 0
/\ declared = 4
/\ refused = FALSE
/\ anchorAt = -1
/\ shippedOrphaned = FALSE
/\ attempts = 2
/\ shipped = FALSE

State 7: <Tick line 137, col 3 to line 142, col 81 of module P5c_IssuanceProtocol>
/\ now = 5
/\ depth = 0
/\ reorgs = 0
/\ declared = 4
/\ refused = FALSE
/\ anchorAt = -1
/\ shippedOrphaned = FALSE
/\ attempts = 2
/\ shipped = FALSE

State 8: <Tick line 137, col 3 to line 142, col 81 of module P5c_IssuanceProtocol>
/\ now = 6
/\ depth = 0
/\ reorgs = 0
/\ declared = 4
/\ refused = FALSE
/\ anchorAt = -1
/\ shippedOrphaned = FALSE
/\ attempts = 2
/\ shipped = FALSE

State 9: <Tick line 137, col 3 to line 142, col 81 of module P5c_IssuanceProtocol>
/\ now = 7
/\ depth = 0
/\ reorgs = 0
/\ declared = 4
/\ refused = FALSE
/\ anchorAt = -1
/\ shippedOrphaned = FALSE
/\ attempts = 2
/\ shipped = FALSE

State 10: <Tick line 137, col 3 to line 142, col 81 of module P5c_IssuanceProtocol>
/\ now = 8
/\ depth = 0
/\ reorgs = 0
/\ declared = 4
/\ refused = FALSE
/\ anchorAt = -1
/\ shippedOrphaned = FALSE
/\ attempts = 2
/\ shipped = FALSE

State 11: <Reissue line 201, col 3 to line 205, col 65 of module P5c_IssuanceProtocol>
/\ now = 8
/\ depth = 0
/\ reorgs = 0
/\ declared = 8
/\ refused = FALSE
/\ anchorAt = -1
/\ shippedOrphaned = FALSE
/\ attempts = 3
/\ shipped = FALSE

State 12: <Tick line 137, col 3 to line 142, col 81 of module P5c_IssuanceProtocol>
/\ now = 9
/\ depth = 0
/\ reorgs = 0
/\ declared = 8
/\ refused = FALSE
/\ anchorAt = -1
/\ shippedOrphaned = FALSE
/\ attempts = 3
/\ shipped = FALSE

State 13: <Tick line 137, col 3 to line 142, col 81 of module P5c_IssuanceProtocol>
/\ now = 10
/\ depth = 0
/\ reorgs = 0
/\ declared = 8
/\ refused = FALSE
/\ anchorAt = -1
/\ shippedOrphaned = FALSE
/\ attempts = 3
/\ shipped = FALSE

State 14: <Anchor line 156, col 3 to line 159, col 26 of module P5c_IssuanceProtocol>
/\ now = 10
/\ depth = 0
/\ reorgs = 0
/\ declared = 8
/\ refused = FALSE
/\ anchorAt = 10
/\ shippedOrphaned = FALSE
/\ attempts = 3
/\ shipped = FALSE

State 15: <Tick line 137, col 3 to line 142, col 81 of module P5c_IssuanceProtocol>
/\ now = 11
/\ depth = 1
/\ reorgs = 0
/\ declared = 8
/\ refused = FALSE
/\ anchorAt = 10
/\ shippedOrphaned = FALSE
/\ attempts = 3
/\ shipped = FALSE

State 16: <Tick line 137, col 3 to line 142, col 81 of module P5c_IssuanceProtocol>
/\ now = 12
/\ depth = 2
/\ reorgs = 0
/\ declared = 8
/\ refused = TRUE
/\ anchorAt = 10
/\ shippedOrphaned = FALSE
/\ attempts = 3
/\ shipped = FALSE

Error: Invariant RefusalAfterReorgUnreachable is violated.
Error: The behavior up to this point is:
State 1: <Initial predicate>
/\ now = 0
/\ depth = 0
/\ reorgs = 0
/\ declared = 0
/\ refused = FALSE
/\ anchorAt = -1
/\ shippedOrphaned = FALSE
/\ attempts = 1
/\ shipped = FALSE

State 2: <Tick line 137, col 3 to line 142, col 81 of module P5c_IssuanceProtocol>
/\ now = 1
/\ depth = 0
/\ reorgs = 0
/\ declared = 0
/\ refused = FALSE
/\ anchorAt = -1
/\ shippedOrphaned = FALSE
/\ attempts = 1
/\ shipped = FALSE

State 3: <Tick line 137, col 3 to line 142, col 81 of module P5c_IssuanceProtocol>
/\ now = 2
/\ depth = 0
/\ reorgs = 0
/\ declared = 0
/\ refused = FALSE
/\ anchorAt = -1
/\ shippedOrphaned = FALSE
/\ attempts = 1
/\ shipped = FALSE

State 4: <Tick line 137, col 3 to line 142, col 81 of module P5c_IssuanceProtocol>
/\ now = 3
/\ depth = 0
/\ reorgs = 0
/\ declared = 0
/\ refused = FALSE
/\ anchorAt = -1
/\ shippedOrphaned = FALSE
/\ attempts = 1
/\ shipped = FALSE

State 5: <Tick line 137, col 3 to line 142, col 81 of module P5c_IssuanceProtocol>
/\ now = 4
/\ depth = 0
/\ reorgs = 0
/\ declared = 0
/\ refused = FALSE
/\ anchorAt = -1
/\ shippedOrphaned = FALSE
/\ attempts = 1
/\ shipped = FALSE

State 6: <Anchor line 156, col 3 to line 159, col 26 of module P5c_IssuanceProtocol>
/\ now = 4
/\ depth = 0
/\ reorgs = 0
/\ declared = 0
/\ refused = FALSE
/\ anchorAt = 4
/\ shippedOrphaned = FALSE
/\ attempts = 1
/\ shipped = FALSE

State 7: <Reorg line 167, col 3 to line 171, col 60 of module P5c_IssuanceProtocol>
/\ now = 4
/\ depth = 0
/\ reorgs = 1
/\ declared = 0
/\ refused = FALSE
/\ anchorAt = -1
/\ shippedOrphaned = FALSE
/\ attempts = 1
/\ shipped = FALSE

State 8: <Reissue line 201, col 3 to line 205, col 65 of module P5c_IssuanceProtocol>
/\ now = 4
/\ depth = 0
/\ reorgs = 1
/\ declared = 4
/\ refused = FALSE
/\ anchorAt = -1
/\ shippedOrphaned = FALSE
/\ attempts = 2
/\ shipped = FALSE

State 9: <Tick line 137, col 3 to line 142, col 81 of module P5c_IssuanceProtocol>
/\ now = 5
/\ depth = 0
/\ reorgs = 1
/\ declared = 4
/\ refused = FALSE
/\ anchorAt = -1
/\ shippedOrphaned = FALSE
/\ attempts = 2
/\ shipped = FALSE

State 10: <Tick line 137, col 3 to line 142, col 81 of module P5c_IssuanceProtocol>
/\ now = 6
/\ depth = 0
/\ reorgs = 1
/\ declared = 4
/\ refused = FALSE
/\ anchorAt = -1
/\ shippedOrphaned = FALSE
/\ attempts = 2
/\ shipped = FALSE

State 11: <Tick line 137, col 3 to line 142, col 81 of module P5c_IssuanceProtocol>
/\ now = 7
/\ depth = 0
/\ reorgs = 1
/\ declared = 4
/\ refused = FALSE
/\ anchorAt = -1
/\ shippedOrphaned = FALSE
/\ attempts = 2
/\ shipped = FALSE

State 12: <Tick line 137, col 3 to line 142, col 81 of module P5c_IssuanceProtocol>
/\ now = 8
/\ depth = 0
/\ reorgs = 1
/\ declared = 4
/\ refused = FALSE
/\ anchorAt = -1
/\ shippedOrphaned = FALSE
/\ attempts = 2
/\ shipped = FALSE

State 13: <Reissue line 201, col 3 to line 205, col 65 of module P5c_IssuanceProtocol>
/\ now = 8
/\ depth = 0
/\ reorgs = 1
/\ declared = 8
/\ refused = FALSE
/\ anchorAt = -1
/\ shippedOrphaned = FALSE
/\ attempts = 3
/\ shipped = FALSE

State 14: <Tick line 137, col 3 to line 142, col 81 of module P5c_IssuanceProtocol>
/\ now = 9
/\ depth = 0
/\ reorgs = 1
/\ declared = 8
/\ refused = FALSE
/\ anchorAt = -1
/\ shippedOrphaned = FALSE
/\ attempts = 3
/\ shipped = FALSE

State 15: <Tick line 137, col 3 to line 142, col 81 of module P5c_IssuanceProtocol>
/\ now = 10
/\ depth = 0
/\ reorgs = 1
/\ declared = 8
/\ refused = FALSE
/\ anchorAt = -1
/\ shippedOrphaned = FALSE
/\ attempts = 3
/\ shipped = FALSE

State 16: <Tick line 137, col 3 to line 142, col 81 of module P5c_IssuanceProtocol>
/\ now = 11
/\ depth = 0
/\ reorgs = 1
/\ declared = 8
/\ refused = FALSE
/\ anchorAt = -1
/\ shippedOrphaned = FALSE
/\ attempts = 3
/\ shipped = FALSE

State 17: <Tick line 137, col 3 to line 142, col 81 of module P5c_IssuanceProtocol>
/\ now = 12
/\ depth = 0
/\ reorgs = 1
/\ declared = 8
/\ refused = TRUE
/\ anchorAt = -1
/\ shippedOrphaned = FALSE
/\ attempts = 3
/\ shipped = FALSE

### filter-tlc-output.sh: 506 further violation report(s) of already-witnessed invariants omitted; full output reproduces from the .cfg ###
3606 states generated, 2190 distinct states found, 0 states left on queue.
The depth of the complete state graph search is 23.
The average outdegree of the complete state graph is 1 (minimum is 0, the maximum 3 and the 95th percentile is 2).
Finished in 01s at (2026-07-21 06:10:26)
