TLC2 Version 2.19 of 08 August 2024 (rev: 5a47802)
Warning: Please run the Java VM which executes TLC with a throughput optimized garbage collector by passing the "-XX:+UseParallelGC" property.
(Use the -nowarning option to disable this warning.)
Running breadth-first search Model-Checking with fp 114 and seed 4648397695391239235 with 1 worker on 128 cores with 30688MB heap and 64MB offheap memory [pid: 79881] (Linux 6.18.33.2-microsoft-standard-WSL2 amd64, Ubuntu 11.0.31 x86_64, MSBDiskFPSet, DiskStateQueue).
Parsing file /home/tony/projects/tessera/formal/tla/P5c_IssuanceProtocol_Broken.tla
Parsing file /tmp/Integers.tla
Parsing file /tmp/Naturals.tla
Semantic processing of module Naturals
Semantic processing of module Integers
Semantic processing of module P5c_IssuanceProtocol_Broken
Starting... (2026-07-20 21:24:42)
Computing initial states...
Finished computing initial states: 1 distinct state generated at 2026-07-20 21:24:42.
Error: Invariant NoShippedOrphan is violated.
Error: The behavior up to this point is:
State 1: <Initial predicate>
/\ now = 0
/\ depth = 0
/\ reorgs = 0
/\ declared = 0
/\ refused = FALSE
/\ anchorAt = -1
/\ shippedOrphaned = FALSE
/\ attempts = 1
/\ shipped = FALSE

State 2: <Anchor line 48, col 3 to line 51, col 26 of module P5c_IssuanceProtocol_Broken>
/\ now = 0
/\ depth = 0
/\ reorgs = 0
/\ declared = 0
/\ refused = FALSE
/\ anchorAt = 0
/\ shippedOrphaned = FALSE
/\ attempts = 1
/\ shipped = FALSE

State 3: <Tick line 40, col 3 to line 45, col 81 of module P5c_IssuanceProtocol_Broken>
/\ now = 1
/\ depth = 1
/\ reorgs = 0
/\ declared = 0
/\ refused = FALSE
/\ anchorAt = 0
/\ shippedOrphaned = FALSE
/\ attempts = 1
/\ shipped = FALSE

State 4: <Ship line 62, col 3 to line 67, col 34 of module P5c_IssuanceProtocol_Broken>
/\ now = 1
/\ depth = 1
/\ reorgs = 0
/\ declared = 0
/\ refused = FALSE
/\ anchorAt = 0
/\ shippedOrphaned = FALSE
/\ attempts = 1
/\ shipped = TRUE

State 5: <Reorg line 54, col 3 to line 58, col 60 of module P5c_IssuanceProtocol_Broken>
/\ now = 1
/\ depth = 0
/\ reorgs = 1
/\ declared = 0
/\ refused = FALSE
/\ anchorAt = -1
/\ shippedOrphaned = TRUE
/\ attempts = 1
/\ shipped = TRUE

29 states generated, 24 distinct states found, 10 states left on queue.
The depth of the complete state graph search is 5.
The average outdegree of the complete state graph is 2 (minimum is 1, the maximum 2 and the 95th percentile is 2).
Finished in 00s at (2026-07-20 21:24:42)
