TLC2 Version 2.19 of 08 August 2024 (rev: 5a47802)
Warning: Please run the Java VM which executes TLC with a throughput optimized garbage collector by passing the "-XX:+UseParallelGC" property.
(Use the -nowarning option to disable this warning.)
Running breadth-first search Model-Checking with fp 61 and seed 234682486975625131 with 1 worker on 128 cores with 30688MB heap and 64MB offheap memory [pid: 179464] (Linux 6.18.33.2-microsoft-standard-WSL2 amd64, Ubuntu 11.0.31 x86_64, MSBDiskFPSet, DiskStateQueue).
Parsing file /home/tony/projects/tessera/formal/tla/P5cP5P6_Bridge_BrokenAnchorSubst.tla
Parsing file /tmp/Integers.tla
Parsing file /tmp/Sequences.tla
Parsing file /tmp/Naturals.tla
Semantic processing of module Naturals
Semantic processing of module Integers
Semantic processing of module Sequences
Semantic processing of module P5cP5P6_Bridge_BrokenAnchorSubst
Starting... (2026-07-21 06:56:34)
Computing initial states...
Finished computing initial states: 1 distinct state generated at 2026-07-21 06:56:34.
Model checking completed. No error has been found.
  Estimates of the probability that TLC did not check all reachable states
  because two distinct states had the same fingerprint:
  calculated (optimistic):  val = 4.8E-9
  based on the actual fingerprints:  val = 1.8E-10
648922 states generated, 456442 distinct states found, 0 states left on queue.
The depth of the complete state graph search is 14.
The average outdegree of the complete state graph is 1 (minimum is 0, the maximum 7 and the 95th percentile is 5).
Finished in 02s at (2026-07-21 06:56:36)
