TLC2 Version 2.19 of 08 August 2024 (rev: 5a47802)
Warning: Please run the Java VM which executes TLC with a throughput optimized garbage collector by passing the "-XX:+UseParallelGC" property.
(Use the -nowarning option to disable this warning.)
Running breadth-first search Model-Checking with fp 27 and seed 3075120719106929136 with 1 worker on 128 cores with 30688MB heap and 64MB offheap memory [pid: 179606] (Linux 6.18.33.2-microsoft-standard-WSL2 amd64, Ubuntu 11.0.31 x86_64, MSBDiskFPSet, DiskStateQueue).
Parsing file /home/tony/projects/tessera/formal/tla/P5cP5P6_Bridge_BrokenWallClock.tla
Parsing file /tmp/Integers.tla
Parsing file /tmp/Sequences.tla
Parsing file /tmp/Naturals.tla
Semantic processing of module Naturals
Semantic processing of module Integers
Semantic processing of module Sequences
Semantic processing of module P5cP5P6_Bridge_BrokenWallClock
Starting... (2026-07-21 06:56:37)
Computing initial states...
Finished computing initial states: 1 distinct state generated at 2026-07-21 06:56:37.
Error: Invariant HonestShipAccepted is violated.
Error: The behavior up to this point is:
State 1: <Initial predicate>
/\ shipAtWall = -1
/\ now = 0
/\ declared = -1
/\ anchorH = -1
/\ shipped = FALSE
/\ chain = <<>>
/\ pendingAnchor = FALSE

State 2: <Declare line 58, col 3 to line 60, col 74 of module P5cP5P6_Bridge_BrokenWallClock>
/\ shipAtWall = -1
/\ now = 0
/\ declared = 0
/\ anchorH = -1
/\ shipped = FALSE
/\ chain = <<>>
/\ pendingAnchor = FALSE

State 3: <Tick line 45, col 3 to line 47, col 79 of module P5cP5P6_Bridge_BrokenWallClock>
/\ shipAtWall = -1
/\ now = 1
/\ declared = 0
/\ anchorH = -1
/\ shipped = FALSE
/\ chain = <<>>
/\ pendingAnchor = FALSE

State 4: <AnchorNext line 63, col 3 to line 65, col 69 of module P5cP5P6_Bridge_BrokenWallClock>
/\ shipAtWall = -1
/\ now = 1
/\ declared = 0
/\ anchorH = -1
/\ shipped = FALSE
/\ chain = <<>>
/\ pendingAnchor = TRUE

State 5: <NewBlock line 50, col 3 to line 55, col 53 of module P5cP5P6_Bridge_BrokenWallClock>
/\ shipAtWall = -1
/\ now = 1
/\ declared = 0
/\ anchorH = 1
/\ shipped = FALSE
/\ chain = <<0>>
/\ pendingAnchor = FALSE

State 6: <NewBlock line 50, col 3 to line 55, col 53 of module P5cP5P6_Bridge_BrokenWallClock>
/\ shipAtWall = -1
/\ now = 1
/\ declared = 0
/\ anchorH = 1
/\ shipped = FALSE
/\ chain = <<0, 0>>
/\ pendingAnchor = FALSE

State 7: <NewBlock line 50, col 3 to line 55, col 53 of module P5cP5P6_Bridge_BrokenWallClock>
/\ shipAtWall = -1
/\ now = 1
/\ declared = 0
/\ anchorH = 1
/\ shipped = FALSE
/\ chain = <<0, 0, 3>>
/\ pendingAnchor = FALSE

State 8: <Ship line 80, col 3 to line 84, col 63 of module P5cP5P6_Bridge_BrokenWallClock>
/\ shipAtWall = 1
/\ now = 1
/\ declared = 0
/\ anchorH = 1
/\ shipped = TRUE
/\ chain = <<0, 0, 3>>
/\ pendingAnchor = FALSE

18830 states generated, 13437 distinct states found, 9056 states left on queue.
The depth of the complete state graph search is 8.
The average outdegree of the complete state graph is 3 (minimum is 0, the maximum 7 and the 95th percentile is 6).
Finished in 00s at (2026-07-21 06:56:37)
