TLC2 Version 2.19 of 08 August 2024 (rev: 5a47802)
Warning: Please run the Java VM which executes TLC with a throughput optimized garbage collector by passing the "-XX:+UseParallelGC" property.
(Use the -nowarning option to disable this warning.)
Running breadth-first search Model-Checking with fp 118 and seed -9148177348978630077 with 1 worker on 128 cores with 30688MB heap and 64MB offheap memory [pid: 178457] (Linux 6.18.33.2-microsoft-standard-WSL2 amd64, Ubuntu 11.0.31 x86_64, MSBDiskFPSet, DiskStateQueue).
Parsing file /home/tony/projects/tessera/formal/tla/P5cP5P6_Bridge_BrokenAnchorSubst.tla
Parsing file /tmp/Integers.tla
Parsing file /tmp/Sequences.tla
Parsing file /tmp/Naturals.tla
Semantic processing of module Naturals
Semantic processing of module Integers
Semantic processing of module Sequences
Semantic processing of module P5cP5P6_Bridge_BrokenAnchorSubst
Starting... (2026-07-21 06:55:27)
Computing initial states...
Finished computing initial states: 1 distinct state generated at 2026-07-21 06:55:28.
Error: Invariant LateBurialRejected is violated.
Error: The behavior up to this point is:
State 1: <Initial predicate>
/\ shipAtWall = -1
/\ now = 0
/\ declared = -1
/\ anchorH = -1
/\ shipped = FALSE
/\ chain = <<>>
/\ pendingAnchor = FALSE

State 2: <Declare line 67, col 3 to line 69, col 74 of module P5cP5P6_Bridge_BrokenAnchorSubst>
/\ shipAtWall = -1
/\ now = 0
/\ declared = 0
/\ anchorH = -1
/\ shipped = FALSE
/\ chain = <<>>
/\ pendingAnchor = FALSE

State 3: <Tick line 54, col 3 to line 56, col 79 of module P5cP5P6_Bridge_BrokenAnchorSubst>
/\ shipAtWall = -1
/\ now = 1
/\ declared = 0
/\ anchorH = -1
/\ shipped = FALSE
/\ chain = <<>>
/\ pendingAnchor = FALSE

State 4: <AnchorNext line 72, col 3 to line 74, col 69 of module P5cP5P6_Bridge_BrokenAnchorSubst>
/\ shipAtWall = -1
/\ now = 1
/\ declared = 0
/\ anchorH = -1
/\ shipped = FALSE
/\ chain = <<>>
/\ pendingAnchor = TRUE

State 5: <NewBlock line 59, col 3 to line 64, col 53 of module P5cP5P6_Bridge_BrokenAnchorSubst>
/\ shipAtWall = -1
/\ now = 1
/\ declared = 0
/\ anchorH = 1
/\ shipped = FALSE
/\ chain = <<0>>
/\ pendingAnchor = FALSE

State 6: <NewBlock line 59, col 3 to line 64, col 53 of module P5cP5P6_Bridge_BrokenAnchorSubst>
/\ shipAtWall = -1
/\ now = 1
/\ declared = 0
/\ anchorH = 1
/\ shipped = FALSE
/\ chain = <<0, 0>>
/\ pendingAnchor = FALSE

State 7: <NewBlock line 59, col 3 to line 64, col 53 of module P5cP5P6_Bridge_BrokenAnchorSubst>
/\ shipAtWall = -1
/\ now = 1
/\ declared = 0
/\ anchorH = 1
/\ shipped = FALSE
/\ chain = <<0, 0, 3>>
/\ pendingAnchor = FALSE

Error: Invariant ShippedDesignatedAgree is violated.
Error: The behavior up to this point is:
State 1: <Initial predicate>
/\ shipAtWall = -1
/\ now = 0
/\ declared = -1
/\ anchorH = -1
/\ shipped = FALSE
/\ chain = <<>>
/\ pendingAnchor = FALSE

State 2: <Declare line 67, col 3 to line 69, col 74 of module P5cP5P6_Bridge_BrokenAnchorSubst>
/\ shipAtWall = -1
/\ now = 0
/\ declared = 0
/\ anchorH = -1
/\ shipped = FALSE
/\ chain = <<>>
/\ pendingAnchor = FALSE

State 3: <AnchorNext line 72, col 3 to line 74, col 69 of module P5cP5P6_Bridge_BrokenAnchorSubst>
/\ shipAtWall = -1
/\ now = 0
/\ declared = 0
/\ anchorH = -1
/\ shipped = FALSE
/\ chain = <<>>
/\ pendingAnchor = TRUE

State 4: <NewBlock line 59, col 3 to line 64, col 53 of module P5cP5P6_Bridge_BrokenAnchorSubst>
/\ shipAtWall = -1
/\ now = 0
/\ declared = 0
/\ anchorH = 1
/\ shipped = FALSE
/\ chain = <<0>>
/\ pendingAnchor = FALSE

State 5: <NewBlock line 59, col 3 to line 64, col 53 of module P5cP5P6_Bridge_BrokenAnchorSubst>
/\ shipAtWall = -1
/\ now = 0
/\ declared = 0
/\ anchorH = 1
/\ shipped = FALSE
/\ chain = <<0, 0>>
/\ pendingAnchor = FALSE

State 6: <NewBlock line 59, col 3 to line 64, col 53 of module P5cP5P6_Bridge_BrokenAnchorSubst>
/\ shipAtWall = -1
/\ now = 0
/\ declared = 0
/\ anchorH = 1
/\ shipped = FALSE
/\ chain = <<0, 0, 0>>
/\ pendingAnchor = FALSE

State 7: <Ship line 95, col 3 to line 101, col 63 of module P5cP5P6_Bridge_BrokenAnchorSubst>
/\ shipAtWall = 0
/\ now = 0
/\ declared = 0
/\ anchorH = 1
/\ shipped = TRUE
/\ chain = <<0, 0, 0>>
/\ pendingAnchor = FALSE

### filter-tlc-output.sh: 116405 further violation report(s) of already-witnessed invariants omitted; full output reproduces from the .cfg ###
648922 states generated, 456442 distinct states found, 0 states left on queue.
The depth of the complete state graph search is 14.
The average outdegree of the complete state graph is 1 (minimum is 0, the maximum 7 and the 95th percentile is 5).
Finished in 01min 06s at (2026-07-21 06:56:33)
