TLC2 Version 2.19 of 08 August 2024 (rev: 5a47802)
Warning: Please run the Java VM which executes TLC with a throughput optimized garbage collector by passing the "-XX:+UseParallelGC" property.
(Use the -nowarning option to disable this warning.)
Running breadth-first search Model-Checking with fp 0 and seed -4029338531182993631 with 1 worker on 128 cores with 30688MB heap and 64MB offheap memory [pid: 2608494] (Linux 6.18.33.2-microsoft-standard-WSL2 amd64, Ubuntu 11.0.31 x86_64, MSBDiskFPSet, DiskStateQueue).
Parsing file /home/tony/projects/tessera/formal/tla/P5P6_TemporalRevocation.tla
Parsing file /tmp/Integers.tla
Parsing file /tmp/Naturals.tla
Semantic processing of module Naturals

[... 1078294 violation reports elided from this evidence file; the sanity
 methodology EXPECTS violations (vacuity witnesses). Per-invariant counts:
    441098 Invariant AcceptanceUnreachable is violated
    101528 Invariant HonestCostCaseUnreachable is violated
    267736 Invariant LateBurialCaseUnreachable is violated
    267932 Invariant NonMonotonicAcceptUnreachable is violated
 Full raw output (11.9M lines) recoverable at commit 70f2105. ...]

  calculated (optimistic):  val = 1.0E-6
  based on the actual fingerprints:  val = 1.2E-11
8605184 states generated, 4302592 distinct states found, 0 states left on queue.
The depth of the complete state graph search is 1.
The average outdegree of the complete state graph is 0 (minimum is 0, the maximum 0 and the 95th percentile is 0).
Finished in 52s at (2026-07-07 10:23:56)
