TLC2 Version 2.19 of 08 August 2024 (rev: 5a47802)
Warning: Please run the Java VM which executes TLC with a throughput optimized garbage collector by passing the "-XX:+UseParallelGC" property.
(Use the -nowarning option to disable this warning.)
Running breadth-first search Model-Checking with fp 15 and seed -126530758227465443 with 1 worker on 128 cores with 30688MB heap and 64MB offheap memory [pid: 1593493] (Linux 6.18.33.2-microsoft-standard-WSL2 amd64, Ubuntu 11.0.31 x86_64, MSBDiskFPSet, DiskStateQueue).
Parsing file /home/tony/projects/tessera/formal/tla/P5P6_TemporalRevocation_Broken.tla
Parsing file /tmp/Integers.tla
Parsing file /tmp/Naturals.tla
Semantic processing of module Naturals
Semantic processing of module Integers
Semantic processing of module P5P6_TemporalRevocation_Broken
Starting... (2026-07-05 10:44:47)
Computing initial states...
Computed 2 initial states...
Computed 4 initial states...
Computed 8 initial states...
Computed 16 initial states...
Computed 32 initial states...
Computed 64 initial states...
Computed 128 initial states...
Computed 256 initial states...
Computed 512 initial states...
Computed 1024 initial states...
Computed 2048 initial states...
Computed 4096 initial states...
Error: Invariant ForgeryRejected is violated by the initial state:
/\ rcptDelta = 0
/\ revoked = 1
/\ declared = 0
/\ signed = 1
/\ polEps = 0
/\ polDelta = 1
/\ anchor = 1
/\ rcptEps = 0

Finished in 00s at (2026-07-05 10:44:47)
